# JRE version: OpenJDK Runtime Environment (8.0_202) (build 1.8.0_202-release-1483-b49-5587405)
# Java VM: OpenJDK 64-Bit Server VM (25.202-b49-5587405 mixed mode linux-amd64 compressed oops)
Heap:
 PSYoungGen      total 207360K, used 19449K [0x00000000e0000000, 0x00000000ee280000, 0x0000000100000000)
  eden space 187904K, 0% used [0x00000000e0000000,0x00000000e0000000,0x00000000eb780000)
  from space 19456K, 99% used [0x00000000ebc80000,0x00000000ecf7e590,0x00000000ecf80000)
  to   space 15360K, 0% used [0x00000000ed380000,0x00000000ed380000,0x00000000ee280000)
 ParOldGen       total 87040K, used 43376K [0x00000000a0000000, 0x00000000a5500000, 0x00000000e0000000)
  object space 87040K, 49% used [0x00000000a0000000,0x00000000a2a5c280,0x00000000a5500000)
 Metaspace       used 67728K, capacity 70362K, committed 70552K, reserved 1110016K
  class space    used 9270K, capacity 9855K, committed 9880K, reserved 1048576K
GC Heap History (10 events):
Event: 7.293 GC heap after
Heap after GC invocations=13 (full 2):
 PSYoungGen      total 132608K, used 13304K [0x00000000e0000000, 0x00000000eb400000, 0x0000000100000000)
  eden space 119296K, 0% used [0x00000000e0000000,0x00000000e0000000,0x00000000e7480000)
  from space 13312K, 99% used [0x00000000e7480000,0x00000000e817e3f8,0x00000000e8180000)
  to   space 16384K, 0% used [0x00000000ea400000,0x00000000ea400000,0x00000000eb400000)
 ParOldGen       total 56320K, used 20374K [0x00000000a0000000, 0x00000000a3700000, 0x00000000e0000000)
  object space 56320K, 36% used [0x00000000a0000000,0x00000000a13e5a30,0x00000000a3700000)
 Metaspace       used 45172K, capacity 46278K, committed 46632K, reserved 1089536K
  class space    used 6105K, capacity 6363K, committed 6440K, reserved 1048576K
}
Event: 8.819 GC heap before
{Heap before GC invocations=14 (full 2):
 PSYoungGen      total 132608K, used 132600K [0x00000000e0000000, 0x00000000eb400000, 0x0000000100000000)
  eden space 119296K, 100% used [0x00000000e0000000,0x00000000e7480000,0x00000000e7480000)
  from space 13312K, 99% used [0x00000000e7480000,0x00000000e817e3f8,0x00000000e8180000)
  to   space 16384K, 0% used [0x00000000ea400000,0x00000000ea400000,0x00000000eb400000)
 ParOldGen       total 56320K, used 20374K [0x00000000a0000000, 0x00000000a3700000, 0x00000000e0000000)
  object space 56320K, 36% used [0x00000000a0000000,0x00000000a13e5a30,0x00000000a3700000)
 Metaspace       used 54250K, capacity 55856K, committed 56232K, reserved 1097728K
  class space    used 7342K, capacity 7755K, committed 7848K, reserved 1048576K
Event: 8.869 GC heap after
Heap after GC invocations=14 (full 2):
 PSYoungGen      total 166400K, used 14230K [0x00000000e0000000, 0x00000000eb900000, 0x0000000100000000)
  eden space 150016K, 0% used [0x00000000e0000000,0x00000000e0000000,0x00000000e9280000)
  from space 16384K, 86% used [0x00000000ea400000,0x00000000eb1e5b18,0x00000000eb400000)
  to   space 17920K, 0% used [0x00000000e9280000,0x00000000e9280000,0x00000000ea400000)
 ParOldGen       total 56320K, used 28039K [0x00000000a0000000, 0x00000000a3700000, 0x00000000e0000000)
  object space 56320K, 49% used [0x00000000a0000000,0x00000000a1b61e78,0x00000000a3700000)
 Metaspace       used 54250K, capacity 55856K, committed 56232K, reserved 1097728K
  class space    used 7342K, capacity 7755K, committed 7848K, reserved 1048576K
}
Event: 9.619 GC heap before
{Heap before GC invocations=15 (full 2):
 PSYoungGen      total 166400K, used 57669K [0x00000000e0000000, 0x00000000eb900000, 0x0000000100000000)
  eden space 150016K, 28% used [0x00000000e0000000,0x00000000e2a6bc40,0x00000000e9280000)
  from space 16384K, 86% used [0x00000000ea400000,0x00000000eb1e5b18,0x00000000eb400000)
  to   space 17920K, 0% used [0x00000000e9280000,0x00000000e9280000,0x00000000ea400000)
 ParOldGen       total 56320K, used 28039K [0x00000000a0000000, 0x00000000a3700000, 0x00000000e0000000)
  object space 56320K, 49% used [0x00000000a0000000,0x00000000a1b61e78,0x00000000a3700000)
 Metaspace       used 57345K, capacity 59000K, committed 59160K, reserved 1099776K
  class space    used 7740K, capacity 8148K, committed 8216K, reserved 1048576K
Event: 9.661 GC heap after
Heap after GC invocations=15 (full 2):
 PSYoungGen      total 167936K, used 10304K [0x00000000e0000000, 0x00000000ee500000, 0x0000000100000000)
  eden space 150016K, 0% used [0x00000000e0000000,0x00000000e0000000,0x00000000e9280000)
  from space 17920K, 57% used [0x00000000e9280000,0x00000000e9c90310,0x00000000ea400000)
  to   space 17920K, 0% used [0x00000000ed380000,0x00000000ed380000,0x00000000ee500000)
 ParOldGen       total 56320K, used 28047K [0x00000000a0000000, 0x00000000a3700000, 0x00000000e0000000)
  object space 56320K, 49% used [0x00000000a0000000,0x00000000a1b63e78,0x00000000a3700000)
 Metaspace       used 57345K, capacity 59000K, committed 59160K, reserved 1099776K
  class space    used 7740K, capacity 8148K, committed 8216K, reserved 1048576K
}
Event: 9.661 GC heap before
{Heap before GC invocations=16 (full 3):
 PSYoungGen      total 167936K, used 10304K [0x00000000e0000000, 0x00000000ee500000, 0x0000000100000000)
  eden space 150016K, 0% used [0x00000000e0000000,0x00000000e0000000,0x00000000e9280000)
  from space 17920K, 57% used [0x00000000e9280000,0x00000000e9c90310,0x00000000ea400000)
  to   space 17920K, 0% used [0x00000000ed380000,0x00000000ed380000,0x00000000ee500000)
 ParOldGen       total 56320K, used 28047K [0x00000000a0000000, 0x00000000a3700000, 0x00000000e0000000)
  object space 56320K, 49% used [0x00000000a0000000,0x00000000a1b63e78,0x00000000a3700000)
 Metaspace       used 57345K, capacity 59000K, committed 59160K, reserved 1099776K
  class space    used 7740K, capacity 8148K, committed 8216K, reserved 1048576K
Event: 9.947 GC heap after
Heap after GC invocations=16 (full 3):
 PSYoungGen      total 167936K, used 0K [0x00000000e0000000, 0x00000000ee500000, 0x0000000100000000)
  eden space 150016K, 0% used [0x00000000e0000000,0x00000000e0000000,0x00000000e9280000)
  from space 17920K, 0% used [0x00000000e9280000,0x00000000e9280000,0x00000000ea400000)
  to   space 17920K, 0% used [0x00000000ed380000,0x00000000ed380000,0x00000000ee500000)
 ParOldGen       total 87040K, used 32771K [0x00000000a0000000, 0x00000000a5500000, 0x00000000e0000000)
  object space 87040K, 37% used [0x00000000a0000000,0x00000000a2000c60,0x00000000a5500000)
 Metaspace       used 57336K, capacity 58970K, committed 59160K, reserved 1099776K
  class space    used 7737K, capacity 8143K, committed 8216K, reserved 1048576K
}
Event: 11.391 GC heap before
{Heap before GC invocations=17 (full 3):
 PSYoungGen      total 167936K, used 150016K [0x00000000e0000000, 0x00000000ee500000, 0x0000000100000000)
  eden space 150016K, 100% used [0x00000000e0000000,0x00000000e9280000,0x00000000e9280000)
  from space 17920K, 0% used [0x00000000e9280000,0x00000000e9280000,0x00000000ea400000)
  to   space 17920K, 0% used [0x00000000ed380000,0x00000000ed380000,0x00000000ee500000)
 ParOldGen       total 87040K, used 32771K [0x00000000a0000000, 0x00000000a5500000, 0x00000000e0000000)
  object space 87040K, 37% used [0x00000000a0000000,0x00000000a2000c60,0x00000000a5500000)
 Metaspace       used 60505K, capacity 62514K, committed 62744K, reserved 1103872K
  class space    used 8218K, capacity 8643K, committed 8728K, reserved 1048576K
Event: 11.419 GC heap after
Heap after GC invocations=17 (full 3):
 PSYoungGen      total 203264K, used 14854K [0x00000000e0000000, 0x00000000ee280000, 0x0000000100000000)
  eden space 187904K, 0% used [0x00000000e0000000,0x00000000e0000000,0x00000000eb780000)
  from space 15360K, 96% used [0x00000000ed380000,0x00000000ee201bd0,0x00000000ee280000)
  to   space 19456K, 0% used [0x00000000ebc80000,0x00000000ebc80000,0x00000000ecf80000)
 ParOldGen       total 87040K, used 32779K [0x00000000a0000000, 0x00000000a5500000, 0x00000000e0000000)
  object space 87040K, 37% used [0x00000000a0000000,0x00000000a2002c60,0x00000000a5500000)
 Metaspace       used 60505K, capacity 62514K, committed 62744K, reserved 1103872K
  class space    used 8218K, capacity 8643K, committed 8728K, reserved 1048576K
}
Event: 14.031 GC heap before
{Heap before GC invocations=18 (full 3):
 PSYoungGen      total 203264K, used 202758K [0x00000000e0000000, 0x00000000ee280000, 0x0000000100000000)
  eden space 187904K, 100% used [0x00000000e0000000,0x00000000eb780000,0x00000000eb780000)
  from space 15360K, 96% used [0x00000000ed380000,0x00000000ee201bd0,0x00000000ee280000)
  to   space 19456K, 0% used [0x00000000ebc80000,0x00000000ebc80000,0x00000000ecf80000)
 ParOldGen       total 87040K, used 32779K [0x00000000a0000000, 0x00000000a5500000, 0x00000000e0000000)
  object space 87040K, 37% used [0x00000000a0000000,0x00000000a2002c60,0x00000000a5500000)
 Metaspace       used 67728K, capacity 70362K, committed 70552K, reserved 1110016K
  class space    used 9270K, capacity 9855K, committed 9880K, reserved 1048576K

