# JRE version: OpenJDK Runtime Environment (8.0_212) (build 1.8.0_212-release-1586-b4-5784211)
# Java VM: OpenJDK 64-Bit Server VM (25.212-b4-5784211 mixed mode linux-amd64 compressed oops)
Heap:
 PSYoungGen      total 400384K, used 24119K [0x00000000e0000000, 0x00000000fc280000, 0x0000000100000000)
  eden space 339456K, 0% used [0x00000000e0000000,0x00000000e0000000,0x00000000f4b80000)
  from space 60928K, 39% used [0x00000000f4b80000,0x00000000f630ddc0,0x00000000f8700000)
  to   space 60416K, 0% used [0x00000000f8780000,0x00000000f8780000,0x00000000fc280000)
 ParOldGen       total 248832K, used 70884K [0x00000000a0000000, 0x00000000af300000, 0x00000000e0000000)
  object space 248832K, 28% used [0x00000000a0000000,0x00000000a4539330,0x00000000af300000)
 Metaspace       used 104861K, capacity 108654K, committed 109480K, reserved 1144832K
  class space    used 13528K, capacity 14342K, committed 14504K, reserved 1048576K
GC Heap History (10 events):
Event: 26.779 GC heap after
Heap after GC invocations=23 (full 4):
 PSYoungGen      total 308736K, used 44756K [0x00000000e0000000, 0x00000000f9480000, 0x0000000100000000)
  eden space 253952K, 0% used [0x00000000e0000000,0x00000000e0000000,0x00000000ef800000)
  from space 54784K, 81% used [0x00000000ef800000,0x00000000f23b5028,0x00000000f2d80000)
  to   space 60416K, 0% used [0x00000000f5980000,0x00000000f5980000,0x00000000f9480000)
 ParOldGen       total 248832K, used 153703K [0x00000000a0000000, 0x00000000af300000, 0x00000000e0000000)
  object space 248832K, 61% used [0x00000000a0000000,0x00000000a9619eb0,0x00000000af300000)
 Metaspace       used 95165K, capacity 98406K, committed 98600K, reserved 1134592K
  class space    used 12536K, capacity 13266K, committed 13352K, reserved 1048576K
}
Event: 27.384 GC heap before
{Heap before GC invocations=24 (full 4):
 PSYoungGen      total 308736K, used 298656K [0x00000000e0000000, 0x00000000f9480000, 0x0000000100000000)
  eden space 253952K, 99% used [0x00000000e0000000,0x00000000ef7f3098,0x00000000ef800000)
  from space 54784K, 81% used [0x00000000ef800000,0x00000000f23b5028,0x00000000f2d80000)
  to   space 60416K, 0% used [0x00000000f5980000,0x00000000f5980000,0x00000000f9480000)
 ParOldGen       total 248832K, used 153703K [0x00000000a0000000, 0x00000000af300000, 0x00000000e0000000)
  object space 248832K, 61% used [0x00000000a0000000,0x00000000a9619eb0,0x00000000af300000)
 Metaspace       used 97158K, capacity 100886K, committed 101032K, reserved 1136640K
  class space    used 12861K, capacity 13678K, committed 13736K, reserved 1048576K
Event: 27.420 GC heap after
Heap after GC invocations=24 (full 4):
 PSYoungGen      total 355840K, used 26107K [0x00000000e0000000, 0x00000000f9400000, 0x0000000100000000)
  eden space 295936K, 0% used [0x00000000e0000000,0x00000000e0000000,0x00000000f2100000)
  from space 59904K, 43% used [0x00000000f5980000,0x00000000f72fef58,0x00000000f9400000)
  to   space 57856K, 0% used [0x00000000f2100000,0x00000000f2100000,0x00000000f5980000)
 ParOldGen       total 248832K, used 153711K [0x00000000a0000000, 0x00000000af300000, 0x00000000e0000000)
  object space 248832K, 61% used [0x00000000a0000000,0x00000000a961beb0,0x00000000af300000)
 Metaspace       used 97158K, capacity 100886K, committed 101032K, reserved 1136640K
  class space    used 12861K, capacity 13678K, committed 13736K, reserved 1048576K
}
Event: 97.840 GC heap before
{Heap before GC invocations=25 (full 4):
 PSYoungGen      total 355840K, used 322043K [0x00000000e0000000, 0x00000000f9400000, 0x0000000100000000)
  eden space 295936K, 100% used [0x00000000e0000000,0x00000000f2100000,0x00000000f2100000)
  from space 59904K, 43% used [0x00000000f5980000,0x00000000f72fef58,0x00000000f9400000)
  to   space 57856K, 0% used [0x00000000f2100000,0x00000000f2100000,0x00000000f5980000)
 ParOldGen       total 248832K, used 153711K [0x00000000a0000000, 0x00000000af300000, 0x00000000e0000000)
  object space 248832K, 61% used [0x00000000a0000000,0x00000000a961beb0,0x00000000af300000)
 Metaspace       used 104005K, capacity 108040K, committed 108200K, reserved 1142784K
  class space    used 13569K, capacity 14431K, committed 14504K, reserved 1048576K
Event: 97.915 GC heap after
Heap after GC invocations=25 (full 4):
 PSYoungGen      total 353792K, used 41497K [0x00000000e0000000, 0x00000000fc380000, 0x0000000100000000)
  eden space 295936K, 0% used [0x00000000e0000000,0x00000000e0000000,0x00000000f2100000)
  from space 57856K, 71% used [0x00000000f2100000,0x00000000f4986598,0x00000000f5980000)
  to   space 61440K, 0% used [0x00000000f8780000,0x00000000f8780000,0x00000000fc380000)
 ParOldGen       total 248832K, used 153719K [0x00000000a0000000, 0x00000000af300000, 0x00000000e0000000)
  object space 248832K, 61% used [0x00000000a0000000,0x00000000a961deb0,0x00000000af300000)
 Metaspace       used 104005K, capacity 108040K, committed 108200K, reserved 1142784K
  class space    used 13569K, capacity 14431K, committed 14504K, reserved 1048576K
}
Event: 3620.927 GC heap before
{Heap before GC invocations=26 (full 4):
 PSYoungGen      total 353792K, used 204210K [0x00000000e0000000, 0x00000000fc380000, 0x0000000100000000)
  eden space 295936K, 54% used [0x00000000e0000000,0x00000000e9ee6500,0x00000000f2100000)
  from space 57856K, 71% used [0x00000000f2100000,0x00000000f4986598,0x00000000f5980000)
  to   space 61440K, 0% used [0x00000000f8780000,0x00000000f8780000,0x00000000fc380000)
 ParOldGen       total 248832K, used 153719K [0x00000000a0000000, 0x00000000af300000, 0x00000000e0000000)
  object space 248832K, 61% used [0x00000000a0000000,0x00000000a961deb0,0x00000000af300000)
 Metaspace       used 104456K, capacity 108470K, committed 108712K, reserved 1142784K
  class space    used 13576K, capacity 14438K, committed 14504K, reserved 1048576K
Event: 3620.991 GC heap after
Heap after GC invocations=26 (full 4):
 PSYoungGen      total 399872K, used 33665K [0x00000000e0000000, 0x00000000fc280000, 0x0000000100000000)
  eden space 339456K, 0% used [0x00000000e0000000,0x00000000e0000000,0x00000000f4b80000)
  from space 60416K, 55% used [0x00000000f8780000,0x00000000fa860488,0x00000000fc280000)
  to   space 60928K, 0% used [0x00000000f4b80000,0x00000000f4b80000,0x00000000f8700000)
 ParOldGen       total 248832K, used 153727K [0x00000000a0000000, 0x00000000af300000, 0x00000000e0000000)
  object space 248832K, 61% used [0x00000000a0000000,0x00000000a961feb0,0x00000000af300000)
 Metaspace       used 104456K, capacity 108470K, committed 108712K, reserved 1142784K
  class space    used 13576K, capacity 14438K, committed 14504K, reserved 1048576K
}
Event: 3620.991 GC heap before
{Heap before GC invocations=27 (full 5):
 PSYoungGen      total 399872K, used 33665K [0x00000000e0000000, 0x00000000fc280000, 0x0000000100000000)
  eden space 339456K, 0% used [0x00000000e0000000,0x00000000e0000000,0x00000000f4b80000)
  from space 60416K, 55% used [0x00000000f8780000,0x00000000fa860488,0x00000000fc280000)
  to   space 60928K, 0% used [0x00000000f4b80000,0x00000000f4b80000,0x00000000f8700000)
 ParOldGen       total 248832K, used 153727K [0x00000000a0000000, 0x00000000af300000, 0x00000000e0000000)
  object space 248832K, 61% used [0x00000000a0000000,0x00000000a961feb0,0x00000000af300000)
 Metaspace       used 104456K, capacity 108470K, committed 108712K, reserved 1142784K
  class space    used 13576K, capacity 14438K, committed 14504K, reserved 1048576K
Event: 3621.533 GC heap after
Heap after GC invocations=27 (full 5):
 PSYoungGen      total 399872K, used 0K [0x00000000e0000000, 0x00000000fc280000, 0x0000000100000000)
  eden space 339456K, 0% used [0x00000000e0000000,0x00000000e0000000,0x00000000f4b80000)
  from space 60416K, 0% used [0x00000000f8780000,0x00000000f8780000,0x00000000fc280000)
  to   space 60928K, 0% used [0x00000000f4b80000,0x00000000f4b80000,0x00000000f8700000)
 ParOldGen       total 248832K, used 70876K [0x00000000a0000000, 0x00000000af300000, 0x00000000e0000000)
  object space 248832K, 28% used [0x00000000a0000000,0x00000000a4537330,0x00000000af300000)
 Metaspace       used 103486K, capacity 106750K, committed 108712K, reserved 1142784K
  class space    used 13397K, capacity 14116K, committed 14504K, reserved 1048576K
}
Event: 4140.433 GC heap before
{Heap before GC invocations=28 (full 5):
 PSYoungGen      total 399872K, used 339456K [0x00000000e0000000, 0x00000000fc280000, 0x0000000100000000)
  eden space 339456K, 100% used [0x00000000e0000000,0x00000000f4b80000,0x00000000f4b80000)
  from space 60416K, 0% used [0x00000000f8780000,0x00000000f8780000,0x00000000fc280000)
  to   space 60928K, 0% used [0x00000000f4b80000,0x00000000f4b80000,0x00000000f8700000)
 ParOldGen       total 248832K, used 70876K [0x00000000a0000000, 0x00000000af300000, 0x00000000e0000000)
  object space 248832K, 28% used [0x00000000a0000000,0x00000000a4537330,0x00000000af300000)
 Metaspace       used 104861K, capacity 108654K, committed 109480K, reserved 1144832K
  class space    used 13528K, capacity 14342K, committed 14504K, reserved 1048576K

