# JRE version: OpenJDK Runtime Environment (8.0_212) (build 1.8.0_212-release-1586-b4-5784211)
# Java VM: OpenJDK 64-Bit Server VM (25.212-b4-5784211 mixed mode linux-amd64 compressed oops)
Heap:
 PSYoungGen      total 474112K, used 0K [0x00000000e0000000, 0x0000000100000000, 0x0000000100000000)
  eden space 423936K, 0% used [0x00000000e0000000,0x00000000e0000000,0x00000000f9e00000)
  from space 50176K, 0% used [0x00000000f9e00000,0x00000000f9e00000,0x00000000fcf00000)
  to   space 50176K, 0% used [0x00000000fcf00000,0x00000000fcf00000,0x0000000100000000)
 ParOldGen       total 170496K, used 117835K [0x00000000a0000000, 0x00000000aa680000, 0x00000000e0000000)
  object space 170496K, 69% used [0x00000000a0000000,0x00000000a7312da0,0x00000000aa680000)
 Metaspace       used 121582K, capacity 125586K, committed 126248K, reserved 1159168K
  class space    used 15320K, capacity 16206K, committed 16432K, reserved 1048576K
GC Heap History (10 events):
Event: 2397.874 GC heap after
Heap after GC invocations=38 (full 5):
 PSYoungGen      total 471552K, used 18381K [0x00000000e0000000, 0x0000000100000000, 0x0000000100000000)
  eden space 418816K, 0% used [0x00000000e0000000,0x00000000e0000000,0x00000000f9900000)
  from space 52736K, 34% used [0x00000000f9900000,0x00000000faaf3688,0x00000000fcc80000)
  to   space 49664K, 0% used [0x00000000fcf80000,0x00000000fcf80000,0x0000000100000000)
 ParOldGen       total 170496K, used 83600K [0x00000000a0000000, 0x00000000aa680000, 0x00000000e0000000)
  object space 170496K, 49% used [0x00000000a0000000,0x00000000a51a4210,0x00000000aa680000)
 Metaspace       used 114544K, capacity 117936K, committed 119208K, reserved 1153024K
  class space    used 14415K, capacity 15209K, committed 15536K, reserved 1048576K
}
Event: 2400.393 GC heap before
{Heap before GC invocations=39 (full 5):
 PSYoungGen      total 471552K, used 437197K [0x00000000e0000000, 0x0000000100000000, 0x0000000100000000)
  eden space 418816K, 100% used [0x00000000e0000000,0x00000000f9900000,0x00000000f9900000)
  from space 52736K, 34% used [0x00000000f9900000,0x00000000faaf3688,0x00000000fcc80000)
  to   space 49664K, 0% used [0x00000000fcf80000,0x00000000fcf80000,0x0000000100000000)
 ParOldGen       total 170496K, used 83600K [0x00000000a0000000, 0x00000000aa680000, 0x00000000e0000000)
  object space 170496K, 49% used [0x00000000a0000000,0x00000000a51a4210,0x00000000aa680000)
 Metaspace       used 120647K, capacity 124706K, committed 125096K, reserved 1159168K
  class space    used 15311K, capacity 16218K, committed 16304K, reserved 1048576K
Event: 2400.449 GC heap after
Heap after GC invocations=39 (full 5):
 PSYoungGen      total 468480K, used 27647K [0x00000000e0000000, 0x00000000ffd00000, 0x0000000100000000)
  eden space 421888K, 0% used [0x00000000e0000000,0x00000000e0000000,0x00000000f9c00000)
  from space 46592K, 59% used [0x00000000fcf80000,0x00000000fea7fe50,0x00000000ffd00000)
  to   space 49664K, 0% used [0x00000000f9c00000,0x00000000f9c00000,0x00000000fcc80000)
 ParOldGen       total 170496K, used 93267K [0x00000000a0000000, 0x00000000aa680000, 0x00000000e0000000)
  object space 170496K, 54% used [0x00000000a0000000,0x00000000a5b14f40,0x00000000aa680000)
 Metaspace       used 120647K, capacity 124706K, committed 125096K, reserved 1159168K
  class space    used 15311K, capacity 16218K, committed 16304K, reserved 1048576K
}
Event: 2402.138 GC heap before
{Heap before GC invocations=40 (full 5):
 PSYoungGen      total 468480K, used 449535K [0x00000000e0000000, 0x00000000ffd00000, 0x0000000100000000)
  eden space 421888K, 100% used [0x00000000e0000000,0x00000000f9c00000,0x00000000f9c00000)
  from space 46592K, 59% used [0x00000000fcf80000,0x00000000fea7fe50,0x00000000ffd00000)
  to   space 49664K, 0% used [0x00000000f9c00000,0x00000000f9c00000,0x00000000fcc80000)
 ParOldGen       total 170496K, used 93267K [0x00000000a0000000, 0x00000000aa680000, 0x00000000e0000000)
  object space 170496K, 54% used [0x00000000a0000000,0x00000000a5b14f40,0x00000000aa680000)
 Metaspace       used 121193K, capacity 125372K, committed 125736K, reserved 1159168K
  class space    used 15341K, capacity 16269K, committed 16432K, reserved 1048576K
Event: 2402.176 GC heap after
Heap after GC invocations=40 (full 5):
 PSYoungGen      total 471552K, used 13194K [0x00000000e0000000, 0x00000000fff00000, 0x0000000100000000)
  eden space 421888K, 0% used [0x00000000e0000000,0x00000000e0000000,0x00000000f9c00000)
  from space 49664K, 26% used [0x00000000f9c00000,0x00000000fa8e2990,0x00000000fcc80000)
  to   space 47616K, 0% used [0x00000000fd080000,0x00000000fd080000,0x00000000fff00000)
 ParOldGen       total 170496K, used 102721K [0x00000000a0000000, 0x00000000aa680000, 0x00000000e0000000)
  object space 170496K, 60% used [0x00000000a0000000,0x00000000a6450680,0x00000000aa680000)
 Metaspace       used 121193K, capacity 125372K, committed 125736K, reserved 1159168K
  class space    used 15341K, capacity 16269K, committed 16432K, reserved 1048576K
}
Event: 2404.548 GC heap before
{Heap before GC invocations=41 (full 5):
 PSYoungGen      total 471552K, used 435082K [0x00000000e0000000, 0x00000000fff00000, 0x0000000100000000)
  eden space 421888K, 100% used [0x00000000e0000000,0x00000000f9c00000,0x00000000f9c00000)
  from space 49664K, 26% used [0x00000000f9c00000,0x00000000fa8e2990,0x00000000fcc80000)
  to   space 47616K, 0% used [0x00000000fd080000,0x00000000fd080000,0x00000000fff00000)
 ParOldGen       total 170496K, used 102721K [0x00000000a0000000, 0x00000000aa680000, 0x00000000e0000000)
  object space 170496K, 60% used [0x00000000a0000000,0x00000000a6450680,0x00000000aa680000)
 Metaspace       used 121412K, capacity 125636K, committed 125992K, reserved 1159168K
  class space    used 15349K, capacity 16269K, committed 16432K, reserved 1048576K
Event: 2404.626 GC heap after
Heap after GC invocations=41 (full 5):
 PSYoungGen      total 471552K, used 33543K [0x00000000e0000000, 0x0000000100000000, 0x0000000100000000)
  eden space 423936K, 0% used [0x00000000e0000000,0x00000000e0000000,0x00000000f9e00000)
  from space 47616K, 70% used [0x00000000fd080000,0x00000000ff141f88,0x00000000fff00000)
  to   space 50176K, 0% used [0x00000000f9e00000,0x00000000f9e00000,0x00000000fcf00000)
 ParOldGen       total 170496K, used 110770K [0x00000000a0000000, 0x00000000aa680000, 0x00000000e0000000)
  object space 170496K, 64% used [0x00000000a0000000,0x00000000a6c2c980,0x00000000aa680000)
 Metaspace       used 121412K, capacity 125636K, committed 125992K, reserved 1159168K
  class space    used 15349K, capacity 16269K, committed 16432K, reserved 1048576K
}
Event: 2406.978 GC heap before
{Heap before GC invocations=42 (full 5):
 PSYoungGen      total 471552K, used 457479K [0x00000000e0000000, 0x0000000100000000, 0x0000000100000000)
  eden space 423936K, 100% used [0x00000000e0000000,0x00000000f9e00000,0x00000000f9e00000)
  from space 47616K, 70% used [0x00000000fd080000,0x00000000ff141f88,0x00000000fff00000)
  to   space 50176K, 0% used [0x00000000f9e00000,0x00000000f9e00000,0x00000000fcf00000)
 ParOldGen       total 170496K, used 110770K [0x00000000a0000000, 0x00000000aa680000, 0x00000000e0000000)
  object space 170496K, 64% used [0x00000000a0000000,0x00000000a6c2c980,0x00000000aa680000)
 Metaspace       used 121693K, capacity 125874K, committed 126248K, reserved 1159168K
  class space    used 15359K, capacity 16274K, committed 16432K, reserved 1048576K
Event: 2407.093 GC heap after
Heap after GC invocations=42 (full 5):
 PSYoungGen      total 474112K, used 4528K [0x00000000e0000000, 0x0000000100000000, 0x0000000100000000)
  eden space 423936K, 0% used [0x00000000e0000000,0x00000000e0000000,0x00000000f9e00000)
  from space 50176K, 9% used [0x00000000f9e00000,0x00000000fa26c118,0x00000000fcf00000)
  to   space 50176K, 0% used [0x00000000fcf00000,0x00000000fcf00000,0x0000000100000000)
 ParOldGen       total 170496K, used 141538K [0x00000000a0000000, 0x00000000aa680000, 0x00000000e0000000)
  object space 170496K, 83% used [0x00000000a0000000,0x00000000a8a38820,0x00000000aa680000)
 Metaspace       used 121693K, capacity 125874K, committed 126248K, reserved 1159168K
  class space    used 15359K, capacity 16274K, committed 16432K, reserved 1048576K
}
Event: 2407.104 GC heap before
{Heap before GC invocations=43 (full 6):
 PSYoungGen      total 474112K, used 4528K [0x00000000e0000000, 0x0000000100000000, 0x0000000100000000)
  eden space 423936K, 0% used [0x00000000e0000000,0x00000000e0000000,0x00000000f9e00000)
  from space 50176K, 9% used [0x00000000f9e00000,0x00000000fa26c118,0x00000000fcf00000)
  to   space 50176K, 0% used [0x00000000fcf00000,0x00000000fcf00000,0x0000000100000000)
 ParOldGen       total 170496K, used 141538K [0x00000000a0000000, 0x00000000aa680000, 0x00000000e0000000)
  object space 170496K, 83% used [0x00000000a0000000,0x00000000a8a38820,0x00000000aa680000)
 Metaspace       used 121693K, capacity 125874K, committed 126248K, reserved 1159168K
  class space    used 15359K, capacity 16274K, committed 16432K, reserved 1048576K

