# JRE version: OpenJDK Runtime Environment (8.0_212) (build 1.8.0_212-release-1586-b4-5784211)
# Java VM: OpenJDK 64-Bit Server VM (25.212-b4-5784211 mixed mode linux-amd64 compressed oops)
Heap:
 PSYoungGen      total 280064K, used 18010K [0x00000000e0000000, 0x00000000f2a80000, 0x0000000100000000)
  eden space 254464K, 0% used [0x00000000e0000000,0x00000000e0000000,0x00000000ef880000)
  from space 25600K, 70% used [0x00000000ef880000,0x00000000f0a169d0,0x00000000f1180000)
  to   space 18944K, 0% used [0x00000000f1800000,0x00000000f1800000,0x00000000f2a80000)
 ParOldGen       total 176640K, used 80136K [0x00000000a0000000, 0x00000000aac80000, 0x00000000e0000000)
  object space 176640K, 45% used [0x00000000a0000000,0x00000000a4e421c0,0x00000000aac80000)
 Metaspace       used 101952K, capacity 106228K, committed 106408K, reserved 1140736K
  class space    used 13312K, capacity 14199K, committed 14248K, reserved 1048576K
GC Heap History (10 events):
Event: 20.472 GC heap after
Heap after GC invocations=20 (full 3):
 PSYoungGen      total 250880K, used 236616K [0x00000000e0000000, 0x00000000f1480000, 0x0000000100000000)
  eden space 224256K, 100% used [0x00000000e0000000,0x00000000edb00000,0x00000000edb00000)
  from space 26624K, 46% used [0x00000000ef400000,0x00000000f00121e8,0x00000000f0e00000)
  to   space 25600K, 99% used [0x00000000edb00000,0x00000000ef3ffba0,0x00000000ef400000)
 ParOldGen       total 119296K, used 119062K [0x00000000a0000000, 0x00000000a7480000, 0x00000000e0000000)
  object space 119296K, 99% used [0x00000000a0000000,0x00000000a7445b18,0x00000000a7480000)
 Metaspace       used 83981K, capacity 86640K, committed 86952K, reserved 1124352K
  class space    used 11014K, capacity 11649K, committed 11688K, reserved 1048576K
}
Event: 20.472 GC heap before
{Heap before GC invocations=21 (full 4):
 PSYoungGen      total 250880K, used 236616K [0x00000000e0000000, 0x00000000f1480000, 0x0000000100000000)
  eden space 224256K, 100% used [0x00000000e0000000,0x00000000edb00000,0x00000000edb00000)
  from space 26624K, 46% used [0x00000000ef400000,0x00000000f00121e8,0x00000000f0e00000)
  to   space 25600K, 99% used [0x00000000edb00000,0x00000000ef3ffba0,0x00000000ef400000)
 ParOldGen       total 119296K, used 119062K [0x00000000a0000000, 0x00000000a7480000, 0x00000000e0000000)
  object space 119296K, 99% used [0x00000000a0000000,0x00000000a7445b18,0x00000000a7480000)
 Metaspace       used 83981K, capacity 86640K, committed 86952K, reserved 1124352K
  class space    used 11014K, capacity 11649K, committed 11688K, reserved 1048576K
Event: 21.201 GC heap after
Heap after GC invocations=21 (full 4):
 PSYoungGen      total 250880K, used 0K [0x00000000e0000000, 0x00000000f1480000, 0x0000000100000000)
  eden space 224256K, 0% used [0x00000000e0000000,0x00000000e0000000,0x00000000edb00000)
  from space 26624K, 0% used [0x00000000ef400000,0x00000000ef400000,0x00000000f0e00000)
  to   space 25600K, 87% used [0x00000000edb00000,0x00000000ef0d28c0,0x00000000ef400000)
 ParOldGen       total 200704K, used 118783K [0x00000000a0000000, 0x00000000ac400000, 0x00000000e0000000)
  object space 200704K, 59% used [0x00000000a0000000,0x00000000a73ffe78,0x00000000ac400000)
 Metaspace       used 83949K, capacity 86552K, committed 86952K, reserved 1124352K
  class space    used 11004K, capacity 11631K, committed 11688K, reserved 1048576K
}
Event: 27.391 GC heap before
{Heap before GC invocations=22 (full 5):
 PSYoungGen      total 250880K, used 224256K [0x00000000e0000000, 0x00000000f1480000, 0x0000000100000000)
  eden space 224256K, 100% used [0x00000000e0000000,0x00000000edb00000,0x00000000edb00000)
  from space 26624K, 0% used [0x00000000ef400000,0x00000000ef400000,0x00000000f0e00000)
  to   space 25600K, 87% used [0x00000000edb00000,0x00000000ef0d28c0,0x00000000ef400000)
 ParOldGen       total 200704K, used 118783K [0x00000000a0000000, 0x00000000ac400000, 0x00000000e0000000)
  object space 200704K, 59% used [0x00000000a0000000,0x00000000a73ffe78,0x00000000ac400000)
 Metaspace       used 88375K, capacity 91182K, committed 91432K, reserved 1128448K
  class space    used 11677K, capacity 12318K, committed 12328K, reserved 1048576K
Event: 27.590 GC heap after
Heap after GC invocations=22 (full 5):
 PSYoungGen      total 250880K, used 0K [0x00000000e0000000, 0x00000000f1480000, 0x0000000100000000)
  eden space 224256K, 0% used [0x00000000e0000000,0x00000000e0000000,0x00000000edb00000)
  from space 26624K, 0% used [0x00000000ef400000,0x00000000ef400000,0x00000000f0e00000)
  to   space 25600K, 0% used [0x00000000edb00000,0x00000000edb00000,0x00000000ef400000)
 ParOldGen       total 176640K, used 80112K [0x00000000a0000000, 0x00000000aac80000, 0x00000000e0000000)
  object space 176640K, 45% used [0x00000000a0000000,0x00000000a4e3c1c0,0x00000000aac80000)
 Metaspace       used 88375K, capacity 91182K, committed 91432K, reserved 1128448K
  class space    used 11677K, capacity 12318K, committed 12328K, reserved 1048576K
}
Event: 409.301 GC heap before
{Heap before GC invocations=23 (full 5):
 PSYoungGen      total 250880K, used 224256K [0x00000000e0000000, 0x00000000f1480000, 0x0000000100000000)
  eden space 224256K, 100% used [0x00000000e0000000,0x00000000edb00000,0x00000000edb00000)
  from space 26624K, 0% used [0x00000000ef400000,0x00000000ef400000,0x00000000f0e00000)
  to   space 25600K, 0% used [0x00000000edb00000,0x00000000edb00000,0x00000000ef400000)
 ParOldGen       total 176640K, used 80112K [0x00000000a0000000, 0x00000000aac80000, 0x00000000e0000000)
  object space 176640K, 45% used [0x00000000a0000000,0x00000000a4e3c1c0,0x00000000aac80000)
 Metaspace       used 92672K, capacity 95710K, committed 95912K, reserved 1132544K
  class space    used 11990K, capacity 12672K, committed 12712K, reserved 1048576K
Event: 409.360 GC heap after
Heap after GC invocations=23 (full 5):
 PSYoungGen      total 249856K, used 16717K [0x00000000e0000000, 0x00000000f3180000, 0x0000000100000000)
  eden space 224256K, 0% used [0x00000000e0000000,0x00000000e0000000,0x00000000edb00000)
  from space 25600K, 65% used [0x00000000edb00000,0x00000000eeb53608,0x00000000ef400000)
  to   space 26112K, 0% used [0x00000000f1800000,0x00000000f1800000,0x00000000f3180000)
 ParOldGen       total 176640K, used 80120K [0x00000000a0000000, 0x00000000aac80000, 0x00000000e0000000)
  object space 176640K, 45% used [0x00000000a0000000,0x00000000a4e3e1c0,0x00000000aac80000)
 Metaspace       used 92672K, capacity 95710K, committed 95912K, reserved 1132544K
  class space    used 11990K, capacity 12672K, committed 12712K, reserved 1048576K
}
Event: 498.284 GC heap before
{Heap before GC invocations=24 (full 5):
 PSYoungGen      total 249856K, used 240973K [0x00000000e0000000, 0x00000000f3180000, 0x0000000100000000)
  eden space 224256K, 100% used [0x00000000e0000000,0x00000000edb00000,0x00000000edb00000)
  from space 25600K, 65% used [0x00000000edb00000,0x00000000eeb53608,0x00000000ef400000)
  to   space 26112K, 0% used [0x00000000f1800000,0x00000000f1800000,0x00000000f3180000)
 ParOldGen       total 176640K, used 80120K [0x00000000a0000000, 0x00000000aac80000, 0x00000000e0000000)
  object space 176640K, 45% used [0x00000000a0000000,0x00000000a4e3e1c0,0x00000000aac80000)
 Metaspace       used 101374K, capacity 105242K, committed 105512K, reserved 1140736K
  class space    used 13246K, capacity 14080K, committed 14120K, reserved 1048576K
Event: 498.329 GC heap after
Heap after GC invocations=24 (full 5):
 PSYoungGen      total 273408K, used 14854K [0x00000000e0000000, 0x00000000f2a80000, 0x0000000100000000)
  eden space 254464K, 0% used [0x00000000e0000000,0x00000000e0000000,0x00000000ef880000)
  from space 18944K, 78% used [0x00000000f1800000,0x00000000f2681838,0x00000000f2a80000)
  to   space 25600K, 0% used [0x00000000ef880000,0x00000000ef880000,0x00000000f1180000)
 ParOldGen       total 176640K, used 80128K [0x00000000a0000000, 0x00000000aac80000, 0x00000000e0000000)
  object space 176640K, 45% used [0x00000000a0000000,0x00000000a4e401c0,0x00000000aac80000)
 Metaspace       used 101374K, capacity 105242K, committed 105512K, reserved 1140736K
  class space    used 13246K, capacity 14080K, committed 14120K, reserved 1048576K
}
Event: 512.926 GC heap before
{Heap before GC invocations=25 (full 5):
 PSYoungGen      total 273408K, used 268992K [0x00000000e0000000, 0x00000000f2a80000, 0x0000000100000000)
  eden space 254464K, 99% used [0x00000000e0000000,0x00000000ef82e890,0x00000000ef880000)
  from space 18944K, 78% used [0x00000000f1800000,0x00000000f2681838,0x00000000f2a80000)
  to   space 25600K, 0% used [0x00000000ef880000,0x00000000ef880000,0x00000000f1180000)
 ParOldGen       total 176640K, used 80128K [0x00000000a0000000, 0x00000000aac80000, 0x00000000e0000000)
  object space 176640K, 45% used [0x00000000a0000000,0x00000000a4e401c0,0x00000000aac80000)
 Metaspace       used 101952K, capacity 106228K, committed 106408K, reserved 1140736K
  class space    used 13312K, capacity 14199K, committed 14248K, reserved 1048576K

