# JRE version: OpenJDK Runtime Environment (8.0_202) (build 1.8.0_202-release-1483-b49-5587405)
# Java VM: OpenJDK 64-Bit Server VM (25.202-b49-5587405 mixed mode linux-amd64 compressed oops)
Heap:
 PSYoungGen      total 225280K, used 46049K [0x00000000e0000000, 0x00000000f2600000, 0x0000000100000000)
  eden space 179200K, 0% used [0x00000000e0000000,0x00000000e0000000,0x00000000eaf00000)
  from space 46080K, 99% used [0x00000000eaf00000,0x00000000edbf8748,0x00000000edc00000)
  to   space 23040K, 0% used [0x00000000edc00000,0x00000000edc00000,0x00000000ef280000)
 ParOldGen       total 200704K, used 177103K [0x00000000a0000000, 0x00000000ac400000, 0x00000000e0000000)
  object space 200704K, 88% used [0x00000000a0000000,0x00000000aacf3cf0,0x00000000ac400000)
 Metaspace       used 88987K, capacity 91332K, committed 91672K, reserved 1128448K
  class space    used 11663K, capacity 12223K, committed 12312K, reserved 1048576K
GC Heap History (10 events):
Event: 21.313 GC heap after
Heap after GC invocations=18 (full 3):
 PSYoungGen      total 178176K, used 15957K [0x00000000e0000000, 0x00000000edf00000, 0x0000000100000000)
  eden space 160256K, 0% used [0x00000000e0000000,0x00000000e0000000,0x00000000e9c80000)
  from space 17920K, 89% used [0x00000000e9c80000,0x00000000eac155f0,0x00000000eae00000)
  to   space 19968K, 0% used [0x00000000ecb80000,0x00000000ecb80000,0x00000000edf00000)
 ParOldGen       total 90112K, used 37324K [0x00000000a0000000, 0x00000000a5800000, 0x00000000e0000000)
  object space 90112K, 41% used [0x00000000a0000000,0x00000000a2473190,0x00000000a5800000)
 Metaspace       used 65024K, capacity 67072K, committed 67096K, reserved 1107968K
  class space    used 8752K, capacity 9239K, committed 9240K, reserved 1048576K
}
Event: 27.299 GC heap before
{Heap before GC invocations=19 (full 3):
 PSYoungGen      total 178176K, used 176213K [0x00000000e0000000, 0x00000000edf00000, 0x0000000100000000)
  eden space 160256K, 100% used [0x00000000e0000000,0x00000000e9c80000,0x00000000e9c80000)
  from space 17920K, 89% used [0x00000000e9c80000,0x00000000eac155f0,0x00000000eae00000)
  to   space 19968K, 0% used [0x00000000ecb80000,0x00000000ecb80000,0x00000000edf00000)
 ParOldGen       total 90112K, used 37324K [0x00000000a0000000, 0x00000000a5800000, 0x00000000e0000000)
  object space 90112K, 41% used [0x00000000a0000000,0x00000000a2473190,0x00000000a5800000)
 Metaspace       used 70001K, capacity 72130K, committed 72344K, reserved 1112064K
  class space    used 9386K, capacity 9880K, committed 9880K, reserved 1048576K
Event: 27.376 GC heap after
Heap after GC invocations=19 (full 3):
 PSYoungGen      total 204800K, used 19955K [0x00000000e0000000, 0x00000000ee480000, 0x0000000100000000)
  eden space 184832K, 0% used [0x00000000e0000000,0x00000000e0000000,0x00000000eb480000)
  from space 19968K, 99% used [0x00000000ecb80000,0x00000000edefcdb0,0x00000000edf00000)
  to   space 23552K, 0% used [0x00000000eb480000,0x00000000eb480000,0x00000000ecb80000)
 ParOldGen       total 90112K, used 37738K [0x00000000a0000000, 0x00000000a5800000, 0x00000000e0000000)
  object space 90112K, 41% used [0x00000000a0000000,0x00000000a24da820,0x00000000a5800000)
 Metaspace       used 70001K, capacity 72130K, committed 72344K, reserved 1112064K
  class space    used 9386K, capacity 9880K, committed 9880K, reserved 1048576K
}
Event: 40.224 GC heap before
{Heap before GC invocations=20 (full 3):
 PSYoungGen      total 204800K, used 204787K [0x00000000e0000000, 0x00000000ee480000, 0x0000000100000000)
  eden space 184832K, 100% used [0x00000000e0000000,0x00000000eb480000,0x00000000eb480000)
  from space 19968K, 99% used [0x00000000ecb80000,0x00000000edefcdb0,0x00000000edf00000)
  to   space 23552K, 0% used [0x00000000eb480000,0x00000000eb480000,0x00000000ecb80000)
 ParOldGen       total 90112K, used 37738K [0x00000000a0000000, 0x00000000a5800000, 0x00000000e0000000)
  object space 90112K, 41% used [0x00000000a0000000,0x00000000a24da820,0x00000000a5800000)
 Metaspace       used 76487K, capacity 78940K, committed 79256K, reserved 1118208K
  class space    used 10249K, capacity 10811K, committed 10904K, reserved 1048576K
Event: 40.270 GC heap after
Heap after GC invocations=20 (full 3):
 PSYoungGen      total 208384K, used 12433K [0x00000000e0000000, 0x00000000ef280000, 0x0000000100000000)
  eden space 184832K, 0% used [0x00000000e0000000,0x00000000e0000000,0x00000000eb480000)
  from space 23552K, 52% used [0x00000000eb480000,0x00000000ec0a47e0,0x00000000ecb80000)
  to   space 23040K, 0% used [0x00000000edc00000,0x00000000edc00000,0x00000000ef280000)
 ParOldGen       total 90112K, used 54970K [0x00000000a0000000, 0x00000000a5800000, 0x00000000e0000000)
  object space 90112K, 61% used [0x00000000a0000000,0x00000000a35aeaf8,0x00000000a5800000)
 Metaspace       used 76487K, capacity 78940K, committed 79256K, reserved 1118208K
  class space    used 10249K, capacity 10811K, committed 10904K, reserved 1048576K
}
Event: 42.642 GC heap before
{Heap before GC invocations=21 (full 3):
 PSYoungGen      total 208384K, used 197265K [0x00000000e0000000, 0x00000000ef280000, 0x0000000100000000)
  eden space 184832K, 100% used [0x00000000e0000000,0x00000000eb480000,0x00000000eb480000)
  from space 23552K, 52% used [0x00000000eb480000,0x00000000ec0a47e0,0x00000000ecb80000)
  to   space 23040K, 0% used [0x00000000edc00000,0x00000000edc00000,0x00000000ef280000)
 ParOldGen       total 90112K, used 54970K [0x00000000a0000000, 0x00000000a5800000, 0x00000000e0000000)
  object space 90112K, 61% used [0x00000000a0000000,0x00000000a35aeaf8,0x00000000a5800000)
 Metaspace       used 84610K, capacity 87036K, committed 87064K, reserved 1124352K
  class space    used 11195K, capacity 11781K, committed 11800K, reserved 1048576K
Event: 42.745 GC heap after
Heap after GC invocations=21 (full 3):
 PSYoungGen      total 202240K, used 23036K [0x00000000e0000000, 0x00000000f2600000, 0x0000000100000000)
  eden space 179200K, 0% used [0x00000000e0000000,0x00000000e0000000,0x00000000eaf00000)
  from space 23040K, 99% used [0x00000000edc00000,0x00000000ef27f068,0x00000000ef280000)
  to   space 46080K, 0% used [0x00000000eaf00000,0x00000000eaf00000,0x00000000edc00000)
 ParOldGen       total 108544K, used 108113K [0x00000000a0000000, 0x00000000a6a00000, 0x00000000e0000000)
  object space 108544K, 99% used [0x00000000a0000000,0x00000000a6994480,0x00000000a6a00000)
 Metaspace       used 84610K, capacity 87036K, committed 87064K, reserved 1124352K
  class space    used 11195K, capacity 11781K, committed 11800K, reserved 1048576K
}
Event: 42.745 GC heap before
{Heap before GC invocations=22 (full 4):
 PSYoungGen      total 202240K, used 23036K [0x00000000e0000000, 0x00000000f2600000, 0x0000000100000000)
  eden space 179200K, 0% used [0x00000000e0000000,0x00000000e0000000,0x00000000eaf00000)
  from space 23040K, 99% used [0x00000000edc00000,0x00000000ef27f068,0x00000000ef280000)
  to   space 46080K, 0% used [0x00000000eaf00000,0x00000000eaf00000,0x00000000edc00000)
 ParOldGen       total 108544K, used 108113K [0x00000000a0000000, 0x00000000a6a00000, 0x00000000e0000000)
  object space 108544K, 99% used [0x00000000a0000000,0x00000000a6994480,0x00000000a6a00000)
 Metaspace       used 84610K, capacity 87036K, committed 87064K, reserved 1124352K
  class space    used 11195K, capacity 11781K, committed 11800K, reserved 1048576K
Event: 43.345 GC heap after
Heap after GC invocations=22 (full 4):
 PSYoungGen      total 202240K, used 12247K [0x00000000e0000000, 0x00000000f2600000, 0x0000000100000000)
  eden space 179200K, 0% used [0x00000000e0000000,0x00000000e0000000,0x00000000eaf00000)
  from space 23040K, 53% used [0x00000000edc00000,0x00000000ee7f5e30,0x00000000ef280000)
  to   space 46080K, 0% used [0x00000000eaf00000,0x00000000eaf00000,0x00000000edc00000)
 ParOldGen       total 200704K, used 108412K [0x00000000a0000000, 0x00000000ac400000, 0x00000000e0000000)
  object space 200704K, 54% used [0x00000000a0000000,0x00000000a69df1d8,0x00000000ac400000)
 Metaspace       used 84563K, capacity 86900K, committed 87064K, reserved 1124352K
  class space    used 11182K, capacity 11757K, committed 11800K, reserved 1048576K
}
Event: 44.610 GC heap before
{Heap before GC invocations=23 (full 4):
 PSYoungGen      total 202240K, used 191447K [0x00000000e0000000, 0x00000000f2600000, 0x0000000100000000)
  eden space 179200K, 100% used [0x00000000e0000000,0x00000000eaf00000,0x00000000eaf00000)
  from space 23040K, 53% used [0x00000000edc00000,0x00000000ee7f5e30,0x00000000ef280000)
  to   space 46080K, 0% used [0x00000000eaf00000,0x00000000eaf00000,0x00000000edc00000)
 ParOldGen       total 200704K, used 108412K [0x00000000a0000000, 0x00000000ac400000, 0x00000000e0000000)
  object space 200704K, 54% used [0x00000000a0000000,0x00000000a69df1d8,0x00000000ac400000)
 Metaspace       used 88987K, capacity 91332K, committed 91672K, reserved 1128448K
  class space    used 11663K, capacity 12223K, committed 12312K, reserved 1048576K

