# JRE version: OpenJDK Runtime Environment (8.0_202) (build 1.8.0_202-release-1483-b49-5587405)
# Java VM: OpenJDK 64-Bit Server VM (25.202-b49-5587405 mixed mode linux-amd64 compressed oops)
Heap:
 PSYoungGen      total 219648K, used 22005K [0x00000000eab00000, 0x00000000f9980000, 0x0000000100000000)
  eden space 197632K, 0% used [0x00000000eab00000,0x00000000eab00000,0x00000000f6c00000)
  from space 22016K, 99% used [0x00000000f6e80000,0x00000000f83fd4d0,0x00000000f8400000)
  to   space 14848K, 0% used [0x00000000f8b00000,0x00000000f8b00000,0x00000000f9980000)
 ParOldGen       total 86016K, used 39982K [0x00000000c0000000, 0x00000000c5400000, 0x00000000eab00000)
  object space 86016K, 46% used [0x00000000c0000000,0x00000000c270bb28,0x00000000c5400000)
 Metaspace       used 67741K, capacity 70438K, committed 70552K, reserved 1110016K
  class space    used 9266K, capacity 9847K, committed 9880K, reserved 1048576K
GC Heap History (10 events):
Event: 7.471 GC heap after
Heap after GC invocations=13 (full 2):
 PSYoungGen      total 139264K, used 12259K [0x00000000eab00000, 0x00000000f6680000, 0x0000000100000000)
  eden space 126976K, 0% used [0x00000000eab00000,0x00000000eab00000,0x00000000f2700000)
  from space 12288K, 99% used [0x00000000f2700000,0x00000000f32f8d38,0x00000000f3300000)
  to   space 15360K, 0% used [0x00000000f5780000,0x00000000f5780000,0x00000000f6680000)
 ParOldGen       total 55808K, used 20850K [0x00000000c0000000, 0x00000000c3680000, 0x00000000eab00000)
  object space 55808K, 37% used [0x00000000c0000000,0x00000000c145c858,0x00000000c3680000)
 Metaspace       used 45724K, capacity 46870K, committed 47016K, reserved 1089536K
  class space    used 6172K, capacity 6469K, committed 6568K, reserved 1048576K
}
Event: 9.113 GC heap before
{Heap before GC invocations=14 (full 2):
 PSYoungGen      total 139264K, used 139235K [0x00000000eab00000, 0x00000000f6680000, 0x0000000100000000)
  eden space 126976K, 100% used [0x00000000eab00000,0x00000000f2700000,0x00000000f2700000)
  from space 12288K, 99% used [0x00000000f2700000,0x00000000f32f8d38,0x00000000f3300000)
  to   space 15360K, 0% used [0x00000000f5780000,0x00000000f5780000,0x00000000f6680000)
 ParOldGen       total 55808K, used 20850K [0x00000000c0000000, 0x00000000c3680000, 0x00000000eab00000)
  object space 55808K, 37% used [0x00000000c0000000,0x00000000c145c858,0x00000000c3680000)
 Metaspace       used 56307K, capacity 58004K, committed 58280K, reserved 1099776K
  class space    used 7583K, capacity 7985K, committed 8104K, reserved 1048576K
Event: 9.153 GC heap after
Heap after GC invocations=14 (full 2):
 PSYoungGen      total 171520K, used 15359K [0x00000000eab00000, 0x00000000f7080000, 0x0000000100000000)
  eden space 156160K, 0% used [0x00000000eab00000,0x00000000eab00000,0x00000000f4380000)
  from space 15360K, 99% used [0x00000000f5780000,0x00000000f667ffc8,0x00000000f6680000)
  to   space 20480K, 0% used [0x00000000f4380000,0x00000000f4380000,0x00000000f5780000)
 ParOldGen       total 55808K, used 29126K [0x00000000c0000000, 0x00000000c3680000, 0x00000000eab00000)
  object space 55808K, 52% used [0x00000000c0000000,0x00000000c1c718c0,0x00000000c3680000)
 Metaspace       used 56307K, capacity 58004K, committed 58280K, reserved 1099776K
  class space    used 7583K, capacity 7985K, committed 8104K, reserved 1048576K
}
Event: 9.417 GC heap before
{Heap before GC invocations=15 (full 2):
 PSYoungGen      total 171520K, used 42388K [0x00000000eab00000, 0x00000000f7080000, 0x0000000100000000)
  eden space 156160K, 17% used [0x00000000eab00000,0x00000000ec5652b8,0x00000000f4380000)
  from space 15360K, 99% used [0x00000000f5780000,0x00000000f667ffc8,0x00000000f6680000)
  to   space 20480K, 0% used [0x00000000f4380000,0x00000000f4380000,0x00000000f5780000)
 ParOldGen       total 55808K, used 29126K [0x00000000c0000000, 0x00000000c3680000, 0x00000000eab00000)
  object space 55808K, 52% used [0x00000000c0000000,0x00000000c1c718c0,0x00000000c3680000)
 Metaspace       used 57317K, capacity 59020K, committed 59160K, reserved 1099776K
  class space    used 7740K, capacity 8150K, committed 8216K, reserved 1048576K
Event: 9.439 GC heap after
Heap after GC invocations=15 (full 2):
 PSYoungGen      total 176640K, used 1813K [0x00000000eab00000, 0x00000000f9f00000, 0x0000000100000000)
  eden space 156160K, 0% used [0x00000000eab00000,0x00000000eab00000,0x00000000f4380000)
  from space 20480K, 8% used [0x00000000f4380000,0x00000000f4545458,0x00000000f5780000)
  to   space 20480K, 0% used [0x00000000f8b00000,0x00000000f8b00000,0x00000000f9f00000)
 ParOldGen       total 55808K, used 36043K [0x00000000c0000000, 0x00000000c3680000, 0x00000000eab00000)
  object space 55808K, 64% used [0x00000000c0000000,0x00000000c2332d98,0x00000000c3680000)
 Metaspace       used 57317K, capacity 59020K, committed 59160K, reserved 1099776K
  class space    used 7740K, capacity 8150K, committed 8216K, reserved 1048576K
}
Event: 9.439 GC heap before
{Heap before GC invocations=16 (full 3):
 PSYoungGen      total 176640K, used 1813K [0x00000000eab00000, 0x00000000f9f00000, 0x0000000100000000)
  eden space 156160K, 0% used [0x00000000eab00000,0x00000000eab00000,0x00000000f4380000)
  from space 20480K, 8% used [0x00000000f4380000,0x00000000f4545458,0x00000000f5780000)
  to   space 20480K, 0% used [0x00000000f8b00000,0x00000000f8b00000,0x00000000f9f00000)
 ParOldGen       total 55808K, used 36043K [0x00000000c0000000, 0x00000000c3680000, 0x00000000eab00000)
  object space 55808K, 64% used [0x00000000c0000000,0x00000000c2332d98,0x00000000c3680000)
 Metaspace       used 57317K, capacity 59020K, committed 59160K, reserved 1099776K
  class space    used 7740K, capacity 8150K, committed 8216K, reserved 1048576K
Event: 9.726 GC heap after
Heap after GC invocations=16 (full 3):
 PSYoungGen      total 176640K, used 0K [0x00000000eab00000, 0x00000000f9f00000, 0x0000000100000000)
  eden space 156160K, 0% used [0x00000000eab00000,0x00000000eab00000,0x00000000f4380000)
  from space 20480K, 0% used [0x00000000f4380000,0x00000000f4380000,0x00000000f5780000)
  to   space 20480K, 0% used [0x00000000f8b00000,0x00000000f8b00000,0x00000000f9f00000)
 ParOldGen       total 86016K, used 31596K [0x00000000c0000000, 0x00000000c5400000, 0x00000000eab00000)
  object space 86016K, 36% used [0x00000000c0000000,0x00000000c1edb1d8,0x00000000c5400000)
 Metaspace       used 57305K, capacity 58978K, committed 59160K, reserved 1099776K
  class space    used 7736K, capacity 8143K, committed 8216K, reserved 1048576K
}
Event: 11.174 GC heap before
{Heap before GC invocations=17 (full 3):
 PSYoungGen      total 176640K, used 156160K [0x00000000eab00000, 0x00000000f9f00000, 0x0000000100000000)
  eden space 156160K, 100% used [0x00000000eab00000,0x00000000f4380000,0x00000000f4380000)
  from space 20480K, 0% used [0x00000000f4380000,0x00000000f4380000,0x00000000f5780000)
  to   space 20480K, 0% used [0x00000000f8b00000,0x00000000f8b00000,0x00000000f9f00000)
 ParOldGen       total 86016K, used 31596K [0x00000000c0000000, 0x00000000c5400000, 0x00000000eab00000)
  object space 86016K, 36% used [0x00000000c0000000,0x00000000c1edb1d8,0x00000000c5400000)
 Metaspace       used 60449K, capacity 62454K, committed 62744K, reserved 1103872K
  class space    used 8210K, capacity 8643K, committed 8728K, reserved 1048576K
Event: 11.219 GC heap after
Heap after GC invocations=17 (full 3):
 PSYoungGen      total 212480K, used 14841K [0x00000000eab00000, 0x00000000f9980000, 0x0000000100000000)
  eden space 197632K, 0% used [0x00000000eab00000,0x00000000eab00000,0x00000000f6c00000)
  from space 14848K, 99% used [0x00000000f8b00000,0x00000000f997e618,0x00000000f9980000)
  to   space 22016K, 0% used [0x00000000f6e80000,0x00000000f6e80000,0x00000000f8400000)
 ParOldGen       total 86016K, used 31604K [0x00000000c0000000, 0x00000000c5400000, 0x00000000eab00000)
  object space 86016K, 36% used [0x00000000c0000000,0x00000000c1edd1d8,0x00000000c5400000)
 Metaspace       used 60449K, capacity 62454K, committed 62744K, reserved 1103872K
  class space    used 8210K, capacity 8643K, committed 8728K, reserved 1048576K
}
Event: 14.020 GC heap before
{Heap before GC invocations=18 (full 3):
 PSYoungGen      total 212480K, used 212473K [0x00000000eab00000, 0x00000000f9980000, 0x0000000100000000)
  eden space 197632K, 100% used [0x00000000eab00000,0x00000000f6c00000,0x00000000f6c00000)
  from space 14848K, 99% used [0x00000000f8b00000,0x00000000f997e618,0x00000000f9980000)
  to   space 22016K, 0% used [0x00000000f6e80000,0x00000000f6e80000,0x00000000f8400000)
 ParOldGen       total 86016K, used 31604K [0x00000000c0000000, 0x00000000c5400000, 0x00000000eab00000)
  object space 86016K, 36% used [0x00000000c0000000,0x00000000c1edd1d8,0x00000000c5400000)
 Metaspace       used 67741K, capacity 70438K, committed 70552K, reserved 1110016K
  class space    used 9266K, capacity 9847K, committed 9880K, reserved 1048576K

